2025-01-23 19:45:49 - Lanzando la aplicación
2025-01-23 19:45:49 - Lanzando la aplicación
2025-01-23 19:46:17 - Lanzando la aplicación
2025-01-23 19:46:17 - Lanzando la aplicación
2025-01-23 19:48:34 - Lanzando la aplicación
2025-01-23 19:48:34 - Lanzando la aplicación
2025-01-23 19:48:34 - Lanzando la aplicación
2025-01-23 19:48:34 - Lanzando la aplicación
2025-01-23 19:48:34 - For input string: ""
2025-01-23 19:48:34 - For input string: ""
2025-01-23 19:49:10 - Lanzando la aplicación
2025-01-23 19:49:10 - Lanzando la aplicación
2025-01-23 19:49:10 - Lanzando la aplicación
2025-01-23 19:49:10 - Lanzando la aplicación
2025-01-23 19:49:10 - For input string: ""
2025-01-23 19:49:10 - For input string: ""
2025-01-23 19:49:10 - For input string: ""
2025-01-23 19:49:10 - For input string: ""
2025-01-23 19:49:45 - Lanzando la aplicación
2025-01-23 19:49:45 - Lanzando la aplicación
2025-01-23 19:49:45 - For input string: ""
2025-01-23 19:49:45 - For input string: ""
2025-01-23 19:50:39 - Lanzando la aplicación
2025-01-23 19:50:39 - Lanzando la aplicación
2025-01-23 19:50:39 - Mensaje de error For input string: ""
2025-01-23 19:50:39 - Mensaje Localized For input string: ""
2025-01-23 19:50:39 - No debería haber llegado hasta aquí
2025-01-23 19:51:02 - Lanzando la aplicación
2025-01-23 19:51:02 - Lanzando la aplicación
2025-01-23 19:51:02 - Mensaje de error For input string: ""
2025-01-23 19:51:02 - Mensaje Localized For input string: ""
2025-01-24 11:47:33 - Lanzando la aplicación
2025-01-24 11:47:33 - Lanzando la aplicación
2025-01-24 11:47:33 - Mensaje de error For input string: ""
2025-01-24 11:47:33 - Mensaje Localized For input string: ""
2025-01-24 11:48:27 - Lanzando la aplicación
2025-01-24 11:48:27 - Lanzando la aplicación
2025-01-24 11:48:27 - Lanzando la aplicación
2025-01-24 11:48:27 - Lanzando la aplicación
2025-01-24 11:48:27 - Mensaje de error For input string: ""
2025-01-24 11:48:27 - Mensaje de error For input string: ""
2025-01-24 11:48:27 - Mensaje Localized For input string: ""
2025-01-24 11:48:27 - Mensaje Localized For input string: ""
2025-09-17 13:07:22 - Lanzando la aplicación
2025-09-17 13:07:22 - Lanzando la aplicación
2025-09-17 13:07:22 - Lanzando la aplicación
2025-09-17 13:07:22 - Lanzando la aplicación
2025-09-17 13:07:22 - Mensaje de error For input string: ""
2025-09-17 13:07:22 - Mensaje de error For input string: ""
2025-09-17 13:07:22 - Mensaje Localized For input string: ""
2025-09-17 13:07:22 - Mensaje Localized For input string: ""
2025-09-17 13:16:28 - Lanzando la aplicación
2025-09-17 13:16:28 - Lanzando la aplicación
2025-09-17 13:16:28 - Lanzando la aplicación
2025-09-17 13:16:28 - Lanzando la aplicación
2025-09-17 13:16:28 - Mensaje de error For input string: ""
2025-09-17 13:16:28 - Mensaje de error For input string: ""
2025-09-17 13:16:28 - Mensaje Localized For input string: ""
2025-09-17 13:16:28 - Mensaje Localized For input string: ""
